[12-Mar-2021 07:02:34 UTC] PHP Warning:  Undefined array key "city" in /var/www/web123/html/wordpress2/smrtzl/plugins/wp_post_map_view_simple/wp_post_map_view_simple.php on line 130
[12-Mar-2021 07:02:34 UTC] PHP Warning:  Undefined array key "town" in /var/www/web123/html/wordpress2/smrtzl/plugins/wp_post_map_view_simple/wp_post_map_view_simple.php on line 130
[12-Mar-2021 07:02:34 UTC] PHP Warning:  Undefined array key "city" in /var/www/web123/html/wordpress2/smrtzl/plugins/wp_post_map_view_simple/wp_post_map_view_simple.php on line 130
[12-Mar-2021 07:02:34 UTC] PHP Warning:  Undefined array key "town" in /var/www/web123/html/wordpress2/smrtzl/plugins/wp_post_map_view_simple/wp_post_map_view_simple.php on line 130
[12-Mar-2021 07:02:34 UTC] PHP Warning:  Undefined array key "municipality" in /var/www/web123/html/wordpress2/smrtzl/plugins/wp_post_map_view_simple/wp_post_map_view_simple.php on line 130
[12-Mar-2021 07:02:34 UTC] PHP Warning:  Undefined array key "county" in /var/www/web123/html/wordpress2/smrtzl/plugins/wp_post_map_view_simple/wp_post_map_view_simple.php on line 130
[12-Mar-2021 07:02:34 UTC] PHP Warning:  Undefined array key "city" in /var/www/web123/html/wordpress2/smrtzl/plugins/wp_post_map_view_simple/wp_post_map_view_simple.php on line 130
[12-Mar-2021 07:02:34 UTC] PHP Warning:  Undefined array key "city" in /var/www/web123/html/wordpress2/smrtzl/plugins/wp_post_map_view_simple/wp_post_map_view_simple.php on line 130
[12-Mar-2021 07:02:34 UTC] PHP Warning:  Undefined array key "city" in /var/www/web123/html/wordpress2/smrtzl/plugins/wp_post_map_view_simple/wp_post_map_view_simple.php on line 130
[12-Mar-2021 07:02:34 UTC] PHP Warning:  Undefined array key "city" in /var/www/web123/html/wordpress2/smrtzl/plugins/wp_post_map_view_simple/wp_post_map_view_simple.php on line 130
[12-Mar-2021 07:02:34 UTC] PHP Warning:  Undefined array key "town" in /var/www/web123/html/wordpress2/smrtzl/plugins/wp_post_map_view_simple/wp_post_map_view_simple.php on line 130
[12-Mar-2021 07:02:34 UTC] PHP Warning:  Undefined array key "municipality" in /var/www/web123/html/wordpress2/smrtzl/plugins/wp_post_map_view_simple/wp_post_map_view_simple.php on line 130
[12-Mar-2021 07:02:34 UTC] PHP Warning:  Undefined array key "city" in /var/www/web123/html/wordpress2/smrtzl/plugins/wp_post_map_view_simple/wp_post_map_view_simple.php on line 130
[12-Mar-2021 07:02:34 UTC] PHP Warning:  Undefined array key "town" in /var/www/web123/html/wordpress2/smrtzl/plugins/wp_post_map_view_simple/wp_post_map_view_simple.php on line 130
[12-Mar-2021 07:02:34 UTC] PHP Warning:  Undefined array key "city" in /var/www/web123/html/wordpress2/smrtzl/plugins/wp_post_map_view_simple/wp_post_map_view_simple.php on line 130
[12-Mar-2021 07:02:34 UTC] PHP Warning:  Undefined array key "town" in /var/www/web123/html/wordpress2/smrtzl/plugins/wp_post_map_view_simple/wp_post_map_view_simple.php on line 130
[12-Mar-2021 07:02:34 UTC] PHP Warning:  Undefined array key "city" in /var/www/web123/html/wordpress2/smrtzl/plugins/wp_post_map_view_simple/wp_post_map_view_simple.php on line 130
[12-Mar-2021 07:02:34 UTC] PHP Warning:  Undefined array key "town" in /var/www/web123/html/wordpress2/smrtzl/plugins/wp_post_map_view_simple/wp_post_map_view_simple.php on line 130
[12-Mar-2021 07:02:34 UTC] PHP Warning:  Undefined array key "city" in /var/www/web123/html/wordpress2/smrtzl/plugins/wp_post_map_view_simple/wp_post_map_view_simple.php on line 130
[12-Mar-2021 07:02:34 UTC] PHP Warning:  Undefined array key "county" in /var/www/web123/html/wordpress2/smrtzl/plugins/wp_post_map_view_simple/wp_post_map_view_simple.php on line 132
[12-Mar-2021 07:02:34 UTC] PHP Warning:  Undefined array key "city" in /var/www/web123/html/wordpress2/smrtzl/plugins/wp_post_map_view_simple/wp_post_map_view_simple.php on line 130
[12-Mar-2021 07:02:34 UTC] PHP Warning:  Undefined array key "county" in /var/www/web123/html/wordpress2/smrtzl/plugins/wp_post_map_view_simple/wp_post_map_view_simple.php on line 132
[12-Mar-2021 07:02:34 UTC] PHP Warning:  Undefined array key "city" in /var/www/web123/html/wordpress2/smrtzl/plugins/wp_post_map_view_simple/wp_post_map_view_simple.php on line 130
[12-Mar-2021 07:02:34 UTC] PHP Warning:  Undefined array key "county" in /var/www/web123/html/wordpress2/smrtzl/plugins/wp_post_map_view_simple/wp_post_map_view_simple.php on line 132
[12-Mar-2021 07:02:34 UTC] PHP Warning:  Undefined array key "city" in /var/www/web123/html/wordpress2/smrtzl/plugins/wp_post_map_view_simple/wp_post_map_view_simple.php on line 130
[12-Mar-2021 07:02:34 UTC] PHP Warning:  Undefined array key "county" in /var/www/web123/html/wordpress2/smrtzl/plugins/wp_post_map_view_simple/wp_post_map_view_simple.php on line 132
[12-Mar-2021 07:02:34 UTC] PHP Warning:  Undefined array key "city" in /var/www/web123/html/wordpress2/smrtzl/plugins/wp_post_map_view_simple/wp_post_map_view_simple.php on line 130
[12-Mar-2021 07:02:34 UTC] PHP Warning:  Undefined array key "county" in /var/www/web123/html/wordpress2/smrtzl/plugins/wp_post_map_view_simple/wp_post_map_view_simple.php on line 132
[12-Mar-2021 07:02:34 UTC] PHP Warning:  Undefined array key "county" in /var/www/web123/html/wordpress2/smrtzl/plugins/wp_post_map_view_simple/wp_post_map_view_simple.php on line 132
[12-Mar-2021 07:02:34 UTC] PHP Warning:  Undefined array key "city" in /var/www/web123/html/wordpress2/smrtzl/plugins/wp_post_map_view_simple/wp_post_map_view_simple.php on line 130
[12-Mar-2021 07:02:34 UTC] PHP Warning:  Undefined array key "county" in /var/www/web123/html/wordpress2/smrtzl/plugins/wp_post_map_view_simple/wp_post_map_view_simple.php on line 132
[12-Mar-2021 07:02:34 UTC] PHP Warning:  Undefined array key "city" in /var/www/web123/html/wordpress2/smrtzl/plugins/wp_post_map_view_simple/wp_post_map_view_simple.php on line 130
[12-Mar-2021 07:02:34 UTC] PHP Warning:  Undefined array key "county" in /var/www/web123/html/wordpress2/smrtzl/plugins/wp_post_map_view_simple/wp_post_map_view_simple.php on line 132
[12-Mar-2021 07:02:34 UTC] PHP Warning:  Undefined array key "city" in /var/www/web123/html/wordpress2/smrtzl/plugins/wp_post_map_view_simple/wp_post_map_view_simple.php on line 130
[12-Mar-2021 07:02:34 UTC] PHP Warning:  Undefined array key "county" in /var/www/web123/html/wordpress2/smrtzl/plugins/wp_post_map_view_simple/wp_post_map_view_simple.php on line 132
[12-Mar-2021 07:02:34 UTC] PHP Warning:  Undefined array key "city" in /var/www/web123/html/wordpress2/smrtzl/plugins/wp_post_map_view_simple/wp_post_map_view_simple.php on line 130
[12-Mar-2021 07:02:34 UTC] PHP Warning:  Undefined array key "county" in /var/www/web123/html/wordpress2/smrtzl/plugins/wp_post_map_view_simple/wp_post_map_view_simple.php on line 132
[12-Mar-2021 07:02:34 UTC] PHP Warning:  Undefined array key "city" in /var/www/web123/html/wordpress2/smrtzl/plugins/wp_post_map_view_simple/wp_post_map_view_simple.php on line 130
[12-Mar-2021 07:02:34 UTC] PHP Warning:  Undefined array key "town" in /var/www/web123/html/wordpress2/smrtzl/plugins/wp_post_map_view_simple/wp_post_map_view_simple.php on line 130
[12-Mar-2021 07:02:34 UTC] PHP Warning:  Undefined array key "municipality" in /var/www/web123/html/wordpress2/smrtzl/plugins/wp_post_map_view_simple/wp_post_map_view_simple.php on line 130
[12-Mar-2021 07:02:34 UTC] PHP Warning:  Undefined array key "county" in /var/www/web123/html/wordpress2/smrtzl/plugins/wp_post_map_view_simple/wp_post_map_view_simple.php on line 130
[12-Mar-2021 07:02:34 UTC] PHP Warning:  Undefined array key "city" in /var/www/web123/html/wordpress2/smrtzl/plugins/wp_post_map_view_simple/wp_post_map_view_simple.php on line 130
[12-Mar-2021 07:02:34 UTC] PHP Warning:  Undefined array key "city" in /var/www/web123/html/wordpress2/smrtzl/plugins/wp_post_map_view_simple/wp_post_map_view_simple.php on line 130
[12-Mar-2021 07:02:34 UTC] PHP Warning:  Undefined array key "city" in /var/www/web123/html/wordpress2/smrtzl/plugins/wp_post_map_view_simple/wp_post_map_view_simple.php on line 130
[12-Mar-2021 07:02:34 UTC] PHP Warning:  Undefined array key "city" in /var/www/web123/html/wordpress2/smrtzl/plugins/wp_post_map_view_simple/wp_post_map_view_simple.php on line 130
[12-Mar-2021 07:02:34 UTC] PHP Warning:  Undefined array key "town" in /var/www/web123/html/wordpress2/smrtzl/plugins/wp_post_map_view_simple/wp_post_map_view_simple.php on line 130
[12-Mar-2021 07:02:34 UTC] PHP Warning:  Undefined array key "city" in /var/www/web123/html/wordpress2/smrtzl/plugins/wp_post_map_view_simple/wp_post_map_view_simple.php on line 130
[12-Mar-2021 07:02:34 UTC] PHP Warning:  Undefined array key "town" in /var/www/web123/html/wordpress2/smrtzl/plugins/wp_post_map_view_simple/wp_post_map_view_simple.php on line 130
[12-Mar-2021 07:02:34 UTC] PHP Fatal error:  Uncaught TypeError: Cannot access offset of type string on string in /var/www/web123/html/wordpress2/smrtzl/plugins/wp_post_map_view_simple/wp_post_map_view_simple.php:130
Stack trace:
#0 /var/www/web123/html/wordpress2/wp-includes/shortcodes.php(343): mvbplugins\postmapviewsimple\show_post_map('', '', 'mapview')
#1 [internal function]: do_shortcode_tag(Array)
#2 /var/www/web123/html/wordpress2/wp-includes/shortcodes.php(218): preg_replace_callback('/\\[(\\[?)(wp\\-fr...', 'do_shortcode_ta...', '\n<p class="has-...')
#3 /var/www/web123/html/wordpress2/wp-includes/class-wp-hook.php(292): do_shortcode('\n<p class="has-...')
#4 /var/www/web123/html/wordpress2/wp-includes/plugin.php(212): WP_Hook->apply_filters('\n<p class="has-...', Array)
#5 /var/www/web123/html/wordpress2/wp-includes/post-template.php(253): apply_filters('the_content', '<!-- wp:paragra...')
#6 /var/www/web123/html/wordpress2/smrtzl/themes/photo-perfect-pro/template-parts/content-page.php(23): the_content()
#7 /var/www/web123/html/wordpress2/wp-includes/template.php(732): require('/var/www/web123...')
#8 /var/www/web123/html/wordpress2/wp-includes/template.php(676): load_template('/var/www/web123...', false, Array)
#9 /var/www/web123/html/wordpress2/wp-includes/general-template.php(204): locate_template(Array, true, false, Array)
#10 /var/www/web123/html/wordpress2/smrtzl/themes/photo-perfect-pro/page.php(22): get_template_part('template-parts/...', 'page')
#11 /var/www/web123/html/wordpress2/wp-includes/template-loader.php(106): include('/var/www/web123...')
#12 /var/www/web123/html/wordpress2/wp-blog-header.php(19): require_once('/var/www/web123...')
#13 /var/www/web123/html/wordpress2/index.php(17): require('/var/www/web123...')
#14 {main}
  thrown in /var/www/web123/html/wordpress2/smrtzl/plugins/wp_post_map_view_simple/wp_post_map_view_simple.php on line 130
